red     0       1678315984-249778   1678315984-250534
white   0       1678315984-249918   1678315984-250591
blue    0       1678315984-250305   1678315984-250593
red     1       1678315984-250361   1678315984-250594
white   1       1678315984-250379   1678315984-250595
blue    1       1678315984-250597   1678315984-250612
red     2       1678315984-250615   1678315984-250629
white   2       1678315984-250633   1678315984-250646
blue    2       1678315984-250652   1678315984-250666
red     3       1678315984-250670   1678315984-250678
white   3       1678315984-250675   1678315984-250681
blue    3       1678315984-250687   1678315984-250699
red     4       1678315984-250704   1678315984-250717
white   4       1678315984-250723   1678315984-250737
blue    4       1678315984-250743   1678315984-250758
red     5       1678315984-250761   1678315984-250776
white   5       1678315984-250781   1678315984-250795
blue    5       1678315984-250798   1678315984-250812
red     6       1678315984-250815   1678315984-250819
white   6       1678315984-250824   1678315984-250837
blue    6       1678315984-250828   1678315984-250849
red     7       1678315984-250839   1678315984-250851
white   7       1678315984-250855   1678315984-250867
blue    7       1678315984-250871   1678315984-250884
red     8       1678315984-250888   1678315984-250901
white   8       1678315984-250905   1678315984-250919
blue    8       1678315984-250924   1678315984-250938
red     9       1678315984-250940   1678315984-250952
white   9       1678315984-250959   1678315984-250974
blue    9       1678315984-251002   1678315984-251015
red     10      1678315984-251019   1678315984-251032
white   10      1678315984-251036   1678315984-251049
blue    10      1678315984-251056   1678315984-251069
red     11      1678315984-251073   1678315984-251086
white   11      1678315984-251090   1678315984-251120
blue    11      1678315984-251107   1678315984-251122
red     12      1678315984-251124   1678315984-251127
white   12      1678315984-251134   1678315984-251147
blue    12      1678315984-251137   1678315984-251150
red     13      1678315984-251152   1678315984-251163
white   13      1678315984-251167   1678315984-251181
blue    13      1678315984-251171   1678315984-251196
red     14      1678315984-251183   1678315984-251198
white   14      1678315984-251202   1678315984-251214
blue    14      1678315984-251219   1678315984-251231
red     15      1678315984-251236   1678315984-251249
white   15      1678315984-251252   1678315984-251265
blue    15      1678315984-251269   1678315984-251282
red     16      1678315984-251286   1678315984-251299
white   16      1678315984-251303   1678315984-251321
blue    16      1678315984-251324   1678315984-251337
red     17      1678315984-251342   1678315984-251355
white   17      1678315984-251358   1678315984-251371
blue    17      1678315984-251375   1678315984-251388
red     18      1678315984-251392   1678315984-251405
white   18      1678315984-251435   1678315984-251448
blue    18      1678315984-251452   1678315984-251465
red     19      1678315984-251469   1678315984-251481
white   19      1678315984-251493   1678315984-251506
blue    19      1678315984-251509   1678315984-251539
red     20      1678315984-251522   1678315984-251542
white   20      1678315984-251525   1678315984-251543
blue    20      1678315984-251537   1678315984-251544
red     21      1678315984-251551   1678315984-251564
white   21      1678315984-251568   1678315984-251580
blue    21      1678315984-251585   1678315984-251598
red     22      1678315984-251602   1678315984-251615
white   22      1678315984-251619   1678315984-251635
blue    22      1678315984-251638   1678315984-251648
red     23      1678315984-251654   1678315984-251667
white   23      1678315984-251670   1678315984-251686
blue    23      1678315984-251688   1678315984-251691
red     24      1678315984-251696   1678315984-251711
white   24      1678315984-251701   1678315984-251717
blue    24      1678315984-251724   1678315984-251737
red     25      1678315984-251741   1678315984-251746
white   25      1678315984-251750   1678315984-251763
blue    25      1678315984-251756   1678315984-251766
red     26      1678315984-251770   1678315984-251782
white   26      1678315984-251788   1678315984-251804
blue    26      1678315984-251814   1678315984-251827
red     27      1678315984-251831   1678315984-251842
white   27      1678315984-251847   1678315984-251861
blue    27      1678315984-251864   1678315984-251870
red     28      1678315984-251876   1678315984-251880
white   28      1678315984-251895   1678315984-251908
blue    28      1678315984-251911   1678315984-251924
red     29      1678315984-251936   1678315984-251949
white   29      1678315984-251953   1678315984-251966
blue    29      1678315984-251970   1678315984-251982
red     30      1678315984-251987   1678315984-252004
white   30      1678315984-252013   1678315984-252026
blue    30      1678315984-252030   1678315984-252043
red     31      1678315984-252047   1678315984-252060
white   31      1678315984-252064   1678315984-252077
blue    31      1678315984-252081   1678315984-252093
red     32      1678315984-252098   1678315984-252111
white   32      1678315984-252114   1678315984-252127
blue    32      1678315984-252131   1678315984-252144
red     33      1678315984-252148   1678315984-252161
white   33      1678315984-252165   1678315984-252177
blue    33      1678315984-252182   1678315984-252194
red     34      1678315984-252198   1678315984-252211
white   34      1678315984-252215   1678315984-252227
blue    34      1678315984-252232   1678315984-252244
red     35      1678315984-252249   1678315984-252261
white   35      1678315984-252265   1678315984-252277
blue    35      1678315984-252282   1678315984-252294
red     36      1678315984-252298   1678315984-252314
white   36      1678315984-252317   1678315984-252319
blue    36      1678315984-252324   1678315984-252337
red     37      1678315984-252329   1678315984-252339
white   37      1678315984-252341   1678315984-252354
blue    37      1678315984-252359   1678315984-252372
red     38      1678315984-252376   1678315984-252392
white   38      1678315984-252395   1678315984-252398
blue    38      1678315984-252403   1678315984-252418
red     39      1678315984-252407   1678315984-252437
white   39      1678315984-252421   1678315984-252442
blue    39      1678315984-252439   1678315984-252444
red     40      1678315984-252454   1678315984-252468
white   40      1678315984-252472   1678315984-252485
blue    40      1678315984-252488   1678315984-252516
red     41      1678315984-252501   1678315984-252531
white   41      1678315984-252504   1678315984-252533
blue    41      1678315984-252519   1678315984-252538
red     42      1678315984-252535   1678315984-252539
white   42      1678315984-252544   1678315984-252557
blue    42      1678315984-252547   1678315984-252572
red     43      1678315984-252559   1678315984-252574
white   43      1678315984-252576   1678315984-252578
blue    43      1678315984-252584   1678315984-252597
red     44      1678315984-252588   1678315984-252599
white   44      1678315984-252602   1678315984-252615
blue    44      1678315984-252619   1678315984-252631
red     45      1678315984-252636   1678315984-252649
white   45      1678315984-252652   1678315984-252655
blue    45      1678315984-252667   1678315984-252680
red     46      1678315984-252684   1678315984-252697
white   46      1678315984-252701   1678315984-252714
blue    46      1678315984-252718   1678315984-252731
red     47      1678315984-252736   1678315984-252748
white   47      1678315984-252752   1678315984-252765
blue    47      1678315984-252783   1678315984-252795
red     48      1678315984-252799   1678315984-252814
white   48      1678315984-252817   1678315984-252820
blue    48      1678315984-252825   1678315984-252839
red     49      1678315984-252829   1678315984-252854
white   49      1678315984-252841   1678315984-252857
blue    49      1678315984-252860   1678315984-252862
red     50      1678315984-252867   1678315984-252881
white   50      1678315984-252873   1678315984-252887
blue    50      1678315984-252883   1678315984-252933
red     51      1678315984-252959   1678315984-252973
white   51      1678315984-252976   1678315984-252990
blue    51      1678315984-252993   1678315984-253006
red     52      1678315984-253010   1678315984-253023
white   52      1678315984-253027   1678315984-253039
blue    52      1678315984-253044   1678315984-253056
red     53      1678315984-253061   1678315984-253074
white   53      1678315984-253078   1678315984-253091
blue    53      1678315984-253094   1678315984-253097
red     54      1678315984-253103   1678315984-253122
white   54      1678315984-253107   1678315984-253127
blue    54      1678315984-253131   1678315984-253144
red     55      1678315984-253148   1678315984-253161
white   55      1678315984-253165   1678315984-253177
blue    55      1678315984-253182   1678315984-253193
red     56      1678315984-253199   1678315984-253212
white   56      1678315984-253227   1678315984-253240
blue    56      1678315984-253246   1678315984-253257
red     57      1678315984-253263   1678315984-253283
white   57      1678315984-253280   1678315984-253286
blue    57      1678315984-253294   1678315984-253317
red     58      1678315984-253311   1678315984-253321
white   58      1678315984-253326   1678315984-253339
blue    58      1678315984-253342   1678315984-253355
red     59      1678315984-253359   1678315984-253372
white   59      1678315984-253376   1678315984-253389
blue    59      1678315984-253393   1678315984-253410
red     60      1678315984-253431   1678315984-253445
white   60      1678315984-253448   1678315984-253461
blue    60      1678315984-253465   1678315984-253477
red     61      1678315984-253482   1678315984-253495
white   61      1678315984-253498   1678315984-253511
blue    61      1678315984-253515   1678315984-253527
red     62      1678315984-253532   1678315984-253544
white   62      1678315984-253548   1678315984-253561
blue    62      1678315984-253565   1678315984-253578
red     63      1678315984-253582   1678315984-253594
white   63      1678315984-253600   1678315984-253613
blue    63      1678315984-253617   1678315984-253630
red     64      1678315984-253635   1678315984-253647
white   64      1678315984-253651   1678315984-253663
blue    64      1678315984-253668   1678315984-253682
red     65      1678315984-253687   1678315984-253700
white   65      1678315984-253704   1678315984-253720
blue    65      1678315984-253723   1678315984-253735
red     66      1678315984-253739   1678315984-253753
white   66      1678315984-253756   1678315984-253768
blue    66      1678315984-253772   1678315984-253787
red     67      1678315984-253790   1678315984-253800
white   67      1678315984-253804   1678315984-253817
blue    67      1678315984-253809   1678315984-253831
red     68      1678315984-253819   1678315984-253845
white   68      1678315984-253833   1678315984-253855
blue    68      1678315984-253837   1678315984-253857
red     69      1678315984-253848   1678315984-253859
white   69      1678315984-253863   1678315984-253877
blue    69      1678315984-253880   1678315984-253883
red     70      1678315984-253891   1678315984-253905
white   70      1678315984-253895   1678315984-253910
blue    70      1678315984-253907   1678315984-253913
red     71      1678315984-253922   1678315984-253936
white   71      1678315984-253938   1678315984-253941
blue    71      1678315984-253947   1678315984-253961
red     72      1678315984-253950   1678315984-253976
white   72      1678315984-253964   1678315984-253980
blue    72      1678315984-253982   1678315984-253995
red     73      1678315984-254001   1678315984-254014
white   73      1678315984-254018   1678315984-254026
blue    73      1678315984-254023   1678315984-254029
red     74      1678315984-254034   1678315984-254046
white   74      1678315984-254053   1678315984-254066
blue    74      1678315984-254056   1678315984-254068
red     75      1678315984-254070   1678315984-254082
white   75      1678315984-254086   1678315984-254103
blue    75      1678315984-254134   1678315984-254147
red     76      1678315984-254153   1678315984-254168
white   76      1678315984-254181   1678315984-254195
blue    76      1678315984-254199   1678315984-254212
red     77      1678315984-254215   1678315984-254228
white   77      1678315984-254232   1678315984-254245
blue    77      1678315984-254249   1678315984-254261
red     78      1678315984-254266   1678315984-254278
white   78      1678315984-254282   1678315984-254295
blue    78      1678315984-254299   1678315984-254311
red     79      1678315984-254315   1678315984-254328
white   79      1678315984-254332   1678315984-254344
blue    79      1678315984-254348   1678315984-254361
red     80      1678315984-254365   1678315984-254378
white   80      1678315984-254382   1678315984-254394
blue    80      1678315984-254399   1678315984-254411
red     81      1678315984-254415   1678315984-254428
white   81      1678315984-254432   1678315984-254444
blue    81      1678315984-254449   1678315984-254461
red     82      1678315984-254466   1678315984-254478
white   82      1678315984-254482   1678315984-254496
blue    82      1678315984-254499   1678315984-254511
red     83      1678315984-254516   1678315984-254528
white   83      1678315984-254532   1678315984-254545
blue    83      1678315984-254549   1678315984-254562
red     84      1678315984-254566   1678315984-254578
white   84      1678315984-254584   1678315984-254598
blue    84      1678315984-254602   1678315984-254617
red     85      1678315984-254613   1678315984-254620
white   85      1678315984-254623   1678315984-254635
blue    85      1678315984-254646   1678315984-254660
red     86      1678315984-254663   1678315984-254666
white   86      1678315984-254677   1678315984-254690
blue    86      1678315984-254694   1678315984-254706
red     87      1678315984-254710   1678315984-254725
white   87      1678315984-254729   1678315984-254742
blue    87      1678315984-254746   1678315984-254758
red     88      1678315984-254762   1678315984-254775
white   88      1678315984-254779   1678315984-254791
blue    88      1678315984-254796   1678315984-254808
red     89      1678315984-254812   1678315984-254825
white   89      1678315984-254829   1678315984-254841
blue    89      1678315984-254845   1678315984-254858
red     90      1678315984-254862   1678315984-254878
white   90      1678315984-254881   1678315984-254884
blue    90      1678315984-254888   1678315984-254901
red     91      1678315984-254893   1678315984-254916
white   91      1678315984-254904   1678315984-254919
blue    91      1678315984-254920   1678315984-254944
red     92      1678315984-254933   1678315984-254946
white   92      1678315984-254935   1678315984-254958
blue    92      1678315984-254949   1678315984-254963
red     93      1678315984-254968   1678315984-254978
white   93      1678315984-254984   1678315984-254997
blue    93      1678315984-254987   1678315984-255002
red     94      1678315984-254990   1678315984-255003
white   94      1678315984-254992   1678315984-255004
blue    94      1678315984-255000   1678315984-255005
red     95      1678315984-255009   1678315984-255021
white   95      1678315984-255013   1678315984-255023
blue    95      1678315984-255025   1678315984-255034
red     96      1678315984-255041   1678315984-255054
white   96      1678315984-255057   1678315984-255070
blue    96      1678315984-255060   1678315984-255082
red     97      1678315984-255072   1678315984-255087
white   97      1678315984-255090   1678315984-255099
blue    97      1678315984-255105   1678315984-255121
red     98      1678315984-255115   1678315984-255123
white   98      1678315984-255127   1678315984-255144
blue    98      1678315984-255147   1678315984-255156
red     99      1678315984-255167   1678315984-255186
white   99      1678315984-255179   1678315984-255190
blue    99      1678315984-255201   1678315984-255214
