blue    0       1679001418-520830   1679001418-521132
red     0       1679001418-520948   1679001418-521167
white   0       1679001418-521064   1679001418-521168
blue    1       1679001418-521173   1679001418-521203
red     1       1679001418-521210   1679001418-521239
white   1       1679001418-521247   1679001418-521261
blue    2       1679001418-521266   1679001418-521285
red     2       1679001418-521277   1679001418-521297
white   2       1679001418-521287   1679001418-521304
blue    3       1679001418-521309   1679001418-521324
red     3       1679001418-521327   1679001418-521342
white   3       1679001418-521346   1679001418-521359
blue    4       1679001418-521365   1679001418-521382
red     4       1679001418-521377   1679001418-521385
white   4       1679001418-521387   1679001418-521398
blue    5       1679001418-521406   1679001418-521420
red     5       1679001418-521409   1679001418-521433
white   5       1679001418-521423   1679001418-521435
blue    6       1679001418-521439   1679001418-521454
red     6       1679001418-521457   1679001418-521471
white   6       1679001418-521476   1679001418-521489
blue    7       1679001418-521495   1679001418-521509
red     7       1679001418-521537   1679001418-521551
white   7       1679001418-521555   1679001418-521569
blue    8       1679001418-521574   1679001418-521590
red     8       1679001418-521585   1679001418-521593
white   8       1679001418-521595   1679001418-521606
blue    9       1679001418-521619   1679001418-521632
red     9       1679001418-521641   1679001418-521655
white   9       1679001418-521644   1679001418-521669
blue    10      1679001418-521658   1679001418-521674
red     10      1679001418-521685   1679001418-521700
white   10      1679001418-521702   1679001418-521724
blue    11      1679001418-521711   1679001418-521727
red     11      1679001418-521721   1679001418-521728
white   11      1679001418-521742   1679001418-521759
blue    12      1679001418-521767   1679001418-521781
red     12      1679001418-521770   1679001418-521793
white   12      1679001418-521783   1679001418-521796
blue    13      1679001418-521800   1679001418-521814
red     13      1679001418-521817   1679001418-521832
white   13      1679001418-521835   1679001418-521837
blue    14      1679001418-521842   1679001418-521855
red     14      1679001418-521852   1679001418-521857
white   14      1679001418-521872   1679001418-521883
blue    15      1679001418-521895   1679001418-521908
red     15      1679001418-521917   1679001418-521930
white   15      1679001418-521919   1679001418-521933
blue    16      1679001418-521939   1679001418-521953
red     16      1679001418-521948   1679001418-521956
white   16      1679001418-521958   1679001418-521967
blue    17      1679001418-521981   1679001418-521995
red     17      1679001418-521999   1679001418-522012
white   17      1679001418-522017   1679001418-522030
blue    18      1679001418-522036   1679001418-522050
red     18      1679001418-522053   1679001418-522068
white   18      1679001418-522072   1679001418-522085
blue    19      1679001418-522091   1679001418-522131
red     19      1679001418-522101   1679001418-522134
white   19      1679001418-522146   1679001418-522160
blue    20      1679001418-522166   1679001418-522181
red     20      1679001418-522185   1679001418-522199
white   20      1679001418-522203   1679001418-522219
blue    21      1679001418-522215   1679001418-522222
red     21      1679001418-522225   1679001418-522239
white   21      1679001418-522229   1679001418-522253
blue    22      1679001418-522242   1679001418-522255
red     22      1679001418-522259   1679001418-522273
white   22      1679001418-522278   1679001418-522289
blue    23      1679001418-522297   1679001418-522311
red     23      1679001418-522315   1679001418-522328
white   23      1679001418-522333   1679001418-522346
blue    24      1679001418-522352   1679001418-522368
red     24      1679001418-522363   1679001418-522370
white   24      1679001418-522372   1679001418-522383
blue    25      1679001418-522395   1679001418-522409
red     25      1679001418-522417   1679001418-522432
white   25      1679001418-522435   1679001418-522444
blue    26      1679001418-522453   1679001418-522468
red     26      1679001418-522472   1679001418-522483
white   26      1679001418-522490   1679001418-522504
blue    27      1679001418-522507   1679001418-522522
red     27      1679001418-522509   1679001418-522535
white   27      1679001418-522524   1679001418-522537
blue    28      1679001418-522540   1679001418-522555
red     28      1679001418-522558   1679001418-522568
white   28      1679001418-522579   1679001418-522590
blue    29      1679001418-522600   1679001418-522614
red     29      1679001418-522619   1679001418-522633
white   29      1679001418-522637   1679001418-522649
blue    30      1679001418-522655   1679001418-522671
red     30      1679001418-522666   1679001418-522673
white   30      1679001418-522675   1679001418-522686
blue    31      1679001418-522701   1679001418-522714
red     31      1679001418-522724   1679001418-522736
white   31      1679001418-522753   1679001418-522764
blue    32      1679001418-522776   1679001418-522789
red     32      1679001418-522801   1679001418-522817
white   32      1679001418-522813   1679001418-522819
blue    33      1679001418-522823   1679001418-522834
red     33      1679001418-522841   1679001418-522855
white   33      1679001418-522844   1679001418-522869
blue    34      1679001418-522858   1679001418-522871
red     34      1679001418-522874   1679001418-522889
white   34      1679001418-522886   1679001418-522892
blue    35      1679001418-522894   1679001418-522908
red     35      1679001418-522915   1679001418-522930
white   35      1679001418-522918   1679001418-522944
blue    36      1679001418-522933   1679001418-522946
red     36      1679001418-522948   1679001418-522964
white   36      1679001418-522961   1679001418-522966
blue    37      1679001418-522969   1679001418-522982
red     37      1679001418-522991   1679001418-523006
white   37      1679001418-523002   1679001418-523009
blue    38      1679001418-523012   1679001418-523026
red     38      1679001418-523034   1679001418-523049
white   38      1679001418-523045   1679001418-523089
blue    39      1679001418-523052   1679001418-523094
red     39      1679001418-523056   1679001418-523095
white   39      1679001418-523060   1679001418-523096
blue    40      1679001418-523101   1679001418-523115
red     40      1679001418-523120   1679001418-523136
white   40      1679001418-523132   1679001418-523138
blue    41      1679001418-523140   1679001418-523151
red     41      1679001418-523164   1679001418-523177
white   41      1679001418-523187   1679001418-523198
blue    42      1679001418-523217   1679001418-523238
red     42      1679001418-523242   1679001418-523315
white   42      1679001418-523329   1679001418-523341
blue    43      1679001418-523346   1679001418-523358
red     43      1679001418-523361   1679001418-523379
white   43      1679001418-523389   1679001418-523400
blue    44      1679001418-523413   1679001418-523427
red     44      1679001418-523419   1679001418-523430
white   44      1679001418-523440   1679001418-523451
blue    45      1679001418-523457   1679001418-523472
red     45      1679001418-523476   1679001418-523487
white   45      1679001418-523494   1679001418-523506
blue    46      1679001418-523511   1679001418-523526
red     46      1679001418-523529   1679001418-523541
white   46      1679001418-523546   1679001418-523559
blue    47      1679001418-523564   1679001418-523597
red     47      1679001418-523575   1679001418-523608
white   47      1679001418-523583   1679001418-523610
blue    48      1679001418-523588   1679001418-523611
red     48      1679001418-523599   1679001418-523616
white   48      1679001418-523621   1679001418-523637
blue    49      1679001418-523640   1679001418-523652
red     49      1679001418-523656   1679001418-523672
white   49      1679001418-523669   1679001418-523675
blue    50      1679001418-523678   1679001418-523692
red     50      1679001418-523702   1679001418-523716
white   50      1679001418-523780   1679001418-523792
blue    51      1679001418-523797   1679001418-523813
red     51      1679001418-523808   1679001418-523818
white   51      1679001418-523816   1679001418-523835
blue    52      1679001418-523820   1679001418-523837
red     52      1679001418-523824   1679001418-523838
white   52      1679001418-523831   1679001418-523839
blue    53      1679001418-523843   1679001418-523862
red     53      1679001418-523859   1679001418-523865
white   53      1679001418-523867   1679001418-523878
blue    54      1679001418-523885   1679001418-523898
red     54      1679001418-523888   1679001418-523911
white   54      1679001418-523901   1679001418-523913
blue    55      1679001418-523917   1679001418-523932
red     55      1679001418-523935   1679001418-523947
white   55      1679001418-523953   1679001418-523965
blue    56      1679001418-523976   1679001418-523992
red     56      1679001418-523996   1679001418-524009
white   56      1679001418-524014   1679001418-524026
blue    57      1679001418-524032   1679001418-524047
red     57      1679001418-524050   1679001418-524067
white   57      1679001418-524073   1679001418-524085
blue    58      1679001418-524092   1679001418-524106
red     58      1679001418-524111   1679001418-524125
white   58      1679001418-524130   1679001418-524145
blue    59      1679001418-524139   1679001418-524147
red     59      1679001418-524151   1679001418-524164
white   59      1679001418-524169   1679001418-524182
blue    60      1679001418-524188   1679001418-524203
red     60      1679001418-524207   1679001418-524221
white   60      1679001418-524225   1679001418-524235
blue    61      1679001418-524240   1679001418-524255
red     61      1679001418-524259   1679001418-524273
white   61      1679001418-524277   1679001418-524289
blue    62      1679001418-524295   1679001418-524309
red     62      1679001418-524312   1679001418-524317
white   62      1679001418-524322   1679001418-524334
blue    63      1679001418-524328   1679001418-524337
red     63      1679001418-524339   1679001418-524353
white   63      1679001418-524367   1679001418-524379
blue    64      1679001418-524386   1679001418-524401
red     64      1679001418-524404   1679001418-524409
white   64      1679001418-524414   1679001418-524426
blue    65      1679001418-524418   1679001418-524428
red     65      1679001418-524430   1679001418-524444
white   65      1679001418-524449   1679001418-524459
blue    66      1679001418-524466   1679001418-524480
red     66      1679001418-524483   1679001418-524495
white   66      1679001418-524501   1679001418-524512
blue    67      1679001418-524519   1679001418-524534
red     67      1679001418-524537   1679001418-524551
white   67      1679001418-524555   1679001418-524568
blue    68      1679001418-524573   1679001418-524589
red     68      1679001418-524584   1679001418-524591
white   68      1679001418-524594   1679001418-524603
blue    69      1679001418-524618   1679001418-524633
red     69      1679001418-524643   1679001418-524658
white   69      1679001418-524660   1679001418-524670
blue    70      1679001418-524677   1679001418-524690
red     70      1679001418-524695   1679001418-524707
white   70      1679001418-524714   1679001418-524727
blue    71      1679001418-524731   1679001418-524745
red     71      1679001418-524733   1679001418-524747
white   71      1679001418-524748   1679001418-524758
blue    72      1679001418-524764   1679001418-524782
red     72      1679001418-524776   1679001418-524797
white   72      1679001418-524784   1679001418-524801
blue    73      1679001418-524787   1679001418-524805
red     73      1679001418-524793   1679001418-524808
white   73      1679001418-524815   1679001418-524827
blue    74      1679001418-524831   1679001418-524846
red     74      1679001418-524833   1679001418-524848
white   74      1679001418-524858   1679001418-524869
blue    75      1679001418-524873   1679001418-524889
red     75      1679001418-524877   1679001418-524901
white   75      1679001418-524891   1679001418-524904
blue    76      1679001418-524906   1679001418-524917
red     76      1679001418-524929   1679001418-524942
white   76      1679001418-524947   1679001418-524959
blue    77      1679001418-524964   1679001418-524980
red     77      1679001418-524975   1679001418-524986
white   77      1679001418-524984   1679001418-524990
blue    78      1679001418-525002   1679001418-525016
red     78      1679001418-525006   1679001418-525028
white   78      1679001418-525019   1679001418-525030
blue    79      1679001418-525036   1679001418-525052
red     79      1679001418-525055   1679001418-525070
white   79      1679001418-525074   1679001418-525083
blue    80      1679001418-525092   1679001418-525109
red     80      1679001418-525112   1679001418-525123
white   80      1679001418-525128   1679001418-525143
blue    81      1679001418-525139   1679001418-525159
red     81      1679001418-525147   1679001418-525173
white   81      1679001418-525150   1679001418-525179
blue    82      1679001418-525154   1679001418-525193
red     82      1679001418-525162   1679001418-525198
white   82      1679001418-525169   1679001418-525200
blue    83      1679001418-525176   1679001418-525201
red     83      1679001418-525181   1679001418-525202
white   83      1679001418-525205   1679001418-525214
blue    84      1679001418-525221   1679001418-525235
red     84      1679001418-525237   1679001418-525241
white   84      1679001418-525246   1679001418-525259
blue    85      1679001418-525250   1679001418-525261
red     85      1679001418-525263   1679001418-525277
white   85      1679001418-525282   1679001418-525294
blue    86      1679001418-525299   1679001418-525315
red     86      1679001418-525310   1679001418-525318
white   86      1679001418-525320   1679001418-525330
blue    87      1679001418-525342   1679001418-525355
red     87      1679001418-525363   1679001418-525378
white   87      1679001418-525367   1679001418-525393
blue    88      1679001418-525381   1679001418-525395
red     88      1679001418-525397   1679001418-525413
white   88      1679001418-525409   1679001418-525415
blue    89      1679001418-525419   1679001418-525438
red     89      1679001418-525440   1679001418-525450
white   89      1679001418-525462   1679001418-525473
blue    90      1679001418-525485   1679001418-525498
red     90      1679001418-525508   1679001418-525522
white   90      1679001418-525530   1679001418-525541
blue    91      1679001418-525547   1679001418-525564
red     91      1679001418-525570   1679001418-525584
white   91      1679001418-525587   1679001418-525603
blue    92      1679001418-525598   1679001418-525609
red     92      1679001418-525607   1679001418-525624
white   92      1679001418-525613   1679001418-525626
blue    93      1679001418-525632   1679001418-525647
red     93      1679001418-525651   1679001418-525665
white   93      1679001418-525669   1679001418-525684
blue    94      1679001418-525679   1679001418-525699
red     94      1679001418-525688   1679001418-525720
white   94      1679001418-525691   1679001418-525726
blue    95      1679001418-525695   1679001418-525728
red     95      1679001418-525703   1679001418-525729
white   95      1679001418-525709   1679001418-525730
blue    96      1679001418-525733   1679001418-525747
red     96      1679001418-525751   1679001418-525765
white   96      1679001418-525768   1679001418-525770
blue    97      1679001418-525774   1679001418-525803
red     97      1679001418-525781   1679001418-525816
white   97      1679001418-525784   1679001418-525822
blue    98      1679001418-525791   1679001418-525823
red     98      1679001418-525798   1679001418-525824
white   98      1679001418-525806   1679001418-525825
blue    99      1679001418-525829   1679001418-525842
red     99      1679001418-525846   1679001418-525860
white   99      1679001418-525864   1679001418-525874
